# JRE version: OpenJDK Runtime Environment (8.0_242-b01) (build 1.8.0_242-release-1644-b01)
# Java VM: OpenJDK 64-Bit Server VM (25.242-b01 mixed mode windows-amd64 compressed oops)
Heap:
 PSYoungGen      total 453632K, used 373087K [0x00000000e0000000, 0x00000000fe980000, 0x0000000100000000)
  eden space 414208K, 88% used [0x00000000e0000000,0x00000000f6681018,0x00000000f9480000)
  from space 39424K, 15% used [0x00000000f9480000,0x00000000f9a56f30,0x00000000fbb00000)
  to   space 35840K, 0% used [0x00000000fbb00000,0x00000000fbb00000,0x00000000fde00000)
 ParOldGen       total 161280K, used 90918K [0x00000000a0000000, 0x00000000a9d80000, 0x00000000e0000000)
  object space 161280K, 56% used [0x00000000a0000000,0x00000000a58c98d8,0x00000000a9d80000)
 Metaspace       used 102150K, capacity 105622K, committed 105856K, reserved 1142784K
  class space    used 12646K, capacity 13354K, committed 13440K, reserved 1048576K
GC Heap History (10 events):
Event: 362.340 GC heap before
{Heap before GC invocations=31 (full 4):
 PSYoungGen      total 450048K, used 442928K [0x00000000e0000000, 0x00000000fe980000, 0x0000000100000000)
  eden space 414208K, 100% used [0x00000000e0000000,0x00000000f9480000,0x00000000f9480000)
  from space 35840K, 80% used [0x00000000fbb00000,0x00000000fd70c208,0x00000000fde00000)
  to   space 39424K, 0% used [0x00000000f9480000,0x00000000f9480000,0x00000000fbb00000)
 ParOldGen       total 161280K, used 80295K [0x00000000a0000000, 0x00000000a9d80000, 0x00000000e0000000)
  object space 161280K, 49% used [0x00000000a0000000,0x00000000a4e69c30,0x00000000a9d80000)
 Metaspace       used 101799K, capacity 105304K, committed 105600K, reserved 1140736K
  class space    used 12639K, capacity 13347K, committed 13440K, reserved 1048576K
Event: 362.718 GC heap after
Heap after GC invocations=31 (full 4):
 PSYoungGen      total 453632K, used 20765K [0x00000000e0000000, 0x00000000fe980000, 0x0000000100000000)
  eden space 414208K, 0% used [0x00000000e0000000,0x00000000e0000000,0x00000000f9480000)
  from space 39424K, 52% used [0x00000000f9480000,0x00000000fa8c75f0,0x00000000fbb00000)
  to   space 35840K, 0% used [0x00000000fbb00000,0x00000000fbb00000,0x00000000fde00000)
 ParOldGen       total 161280K, used 80303K [0x00000000a0000000, 0x00000000a9d80000, 0x00000000e0000000)
  object space 161280K, 49% used [0x00000000a0000000,0x00000000a4e6bc30,0x00000000a9d80000)
 Metaspace       used 101799K, capacity 105304K, committed 105600K, reserved 1140736K
  class space    used 12639K, capacity 13347K, committed 13440K, reserved 1048576K
}
Event: 366.398 GC heap before
{Heap before GC invocations=32 (full 4):
 PSYoungGen      total 453632K, used 434973K [0x00000000e0000000, 0x00000000fe980000, 0x0000000100000000)
  eden space 414208K, 100% used [0x00000000e0000000,0x00000000f9480000,0x00000000f9480000)
  from space 39424K, 52% used [0x00000000f9480000,0x00000000fa8c75f0,0x00000000fbb00000)
  to   space 35840K, 0% used [0x00000000fbb00000,0x00000000fbb00000,0x00000000fde00000)
 ParOldGen       total 161280K, used 80303K [0x00000000a0000000, 0x00000000a9d80000, 0x00000000e0000000)
  object space 161280K, 49% used [0x00000000a0000000,0x00000000a4e6bc30,0x00000000a9d80000)
 Metaspace       used 101881K, capacity 105394K, committed 105600K, reserved 1140736K
  class space    used 12643K, capacity 13352K, committed 13440K, reserved 1048576K
Event: 366.438 GC heap after
Heap after GC invocations=32 (full 4):
 PSYoungGen      total 450048K, used 13920K [0x00000000e0000000, 0x00000000fe980000, 0x0000000100000000)
  eden space 414208K, 0% used [0x00000000e0000000,0x00000000e0000000,0x00000000f9480000)
  from space 35840K, 38% used [0x00000000fbb00000,0x00000000fc898048,0x00000000fde00000)
  to   space 39424K, 0% used [0x00000000f9480000,0x00000000f9480000,0x00000000fbb00000)
 ParOldGen       total 161280K, used 86142K [0x00000000a0000000, 0x00000000a9d80000, 0x00000000e0000000)
  object space 161280K, 53% used [0x00000000a0000000,0x00000000a541fb98,0x00000000a9d80000)
 Metaspace       used 101881K, capacity 105394K, committed 105600K, reserved 1140736K
  class space    used 12643K, capacity 13352K, committed 13440K, reserved 1048576K
}
Event: 369.444 GC heap before
{Heap before GC invocations=33 (full 4):
 PSYoungGen      total 450048K, used 428128K [0x00000000e0000000, 0x00000000fe980000, 0x0000000100000000)
  eden space 414208K, 100% used [0x00000000e0000000,0x00000000f9480000,0x00000000f9480000)
  from space 35840K, 38% used [0x00000000fbb00000,0x00000000fc898048,0x00000000fde00000)
  to   space 39424K, 0% used [0x00000000f9480000,0x00000000f9480000,0x00000000fbb00000)
 ParOldGen       total 161280K, used 86142K [0x00000000a0000000, 0x00000000a9d80000, 0x00000000e0000000)
  object space 161280K, 53% used [0x00000000a0000000,0x00000000a541fb98,0x00000000a9d80000)
 Metaspace       used 102035K, capacity 105538K, committed 105856K, reserved 1142784K
  class space    used 12645K, capacity 13352K, committed 13440K, reserved 1048576K
Event: 369.462 GC heap after
Heap after GC invocations=33 (full 4):
 PSYoungGen      total 453632K, used 3305K [0x00000000e0000000, 0x00000000fe980000, 0x0000000100000000)
  eden space 414208K, 0% used [0x00000000e0000000,0x00000000e0000000,0x00000000f9480000)
  from space 39424K, 8% used [0x00000000f9480000,0x00000000f97ba460,0x00000000fbb00000)
  to   space 35840K, 0% used [0x00000000fbb00000,0x00000000fbb00000,0x00000000fde00000)
 ParOldGen       total 161280K, used 90894K [0x00000000a0000000, 0x00000000a9d80000, 0x00000000e0000000)
  object space 161280K, 56% used [0x00000000a0000000,0x00000000a58c38d8,0x00000000a9d80000)
 Metaspace       used 102035K, capacity 105538K, committed 105856K, reserved 1142784K
  class space    used 12645K, capacity 13352K, committed 13440K, reserved 1048576K
}
Event: 372.245 GC heap before
{Heap before GC invocations=34 (full 4):
 PSYoungGen      total 453632K, used 417513K [0x00000000e0000000, 0x00000000fe980000, 0x0000000100000000)
  eden space 414208K, 100% used [0x00000000e0000000,0x00000000f9480000,0x00000000f9480000)
  from space 39424K, 8% used [0x00000000f9480000,0x00000000f97ba460,0x00000000fbb00000)
  to   space 35840K, 0% used [0x00000000fbb00000,0x00000000fbb00000,0x00000000fde00000)
 ParOldGen       total 161280K, used 90894K [0x00000000a0000000, 0x00000000a9d80000, 0x00000000e0000000)
  object space 161280K, 56% used [0x00000000a0000000,0x00000000a58c38d8,0x00000000a9d80000)
 Metaspace       used 102059K, capacity 105538K, committed 105856K, reserved 1142784K
  class space    used 12645K, capacity 13352K, committed 13440K, reserved 1048576K
Event: 372.256 GC heap after
Heap after GC invocations=34 (full 4):
 PSYoungGen      total 450048K, used 5948K [0x00000000e0000000, 0x00000000fe980000, 0x0000000100000000)
  eden space 414208K, 0% used [0x00000000e0000000,0x00000000e0000000,0x00000000f9480000)
  from space 35840K, 16% used [0x00000000fbb00000,0x00000000fc0cf258,0x00000000fde00000)
  to   space 39424K, 0% used [0x00000000f9480000,0x00000000f9480000,0x00000000fbb00000)
 ParOldGen       total 161280K, used 90918K [0x00000000a0000000, 0x00000000a9d80000, 0x00000000e0000000)
  object space 161280K, 56% used [0x00000000a0000000,0x00000000a58c98d8,0x00000000a9d80000)
 Metaspace       used 102059K, capacity 105538K, committed 105856K, reserved 1142784K
  class space    used 12645K, capacity 13352K, committed 13440K, reserved 1048576K
}
Event: 375.086 GC heap before
{Heap before GC invocations=35 (full 4):
 PSYoungGen      total 450048K, used 420156K [0x00000000e0000000, 0x00000000fe980000, 0x0000000100000000)
  eden space 414208K, 100% used [0x00000000e0000000,0x00000000f9480000,0x00000000f9480000)
  from space 35840K, 16% used [0x00000000fbb00000,0x00000000fc0cf258,0x00000000fde00000)
  to   space 39424K, 0% used [0x00000000f9480000,0x00000000f9480000,0x00000000fbb00000)
 ParOldGen       total 161280K, used 90918K [0x00000000a0000000, 0x00000000a9d80000, 0x00000000e0000000)
  object space 161280K, 56% used [0x00000000a0000000,0x00000000a58c98d8,0x00000000a9d80000)
 Metaspace       used 102099K, capacity 105612K, committed 105856K, reserved 1142784K
  class space    used 12646K, capacity 13353K, committed 13440K, reserved 1048576K
Event: 375.098 GC heap after
Heap after GC invocations=35 (full 4):
 PSYoungGen      total 453632K, used 5979K [0x00000000e0000000, 0x00000000fe980000, 0x0000000100000000)
  eden space 414208K, 0% used [0x00000000e0000000,0x00000000e0000000,0x00000000f9480000)
  from space 39424K, 15% used [0x00000000f9480000,0x00000000f9a56f30,0x00000000fbb00000)
  to   space 35840K, 0% used [0x00000000fbb00000,0x00000000fbb00000,0x00000000fde00000)
 ParOldGen       total 161280K, used 90918K [0x00000000a0000000, 0x00000000a9d80000, 0x00000000e0000000)
  object space 161280K, 56% used [0x00000000a0000000,0x00000000a58c98d8,0x00000000a9d80000)
 Metaspace       used 102099K, capacity 105612K, committed 105856K, reserved 1142784K
  class space    used 12646K, capacity 13353K, committed 13440K, reserved 1048576K
}

